12/21/21 00:36:INFO 

12/21/21 00:36:INFO ====== WebDriver manager ======
12/21/21 00:36:INFO Current google-chrome version is 96.0.4664
12/21/21 00:36:INFO Get LATEST chromedriver version for 96.0.4664 google-chrome
12/21/21 00:36:INFO Trying to download new driver from https://chromedriver.storage.googleapis.com/96.0.4664.45/chromedriver_linux64.zip
12/21/21 00:36:INFO Driver has been saved in cache [/home/vegi/.wdm/drivers/chromedffdriver/linux64/96.0.4664.45]
12/21/21 00:39:INFO 

12/21/21 00:39:INFO ====== WebDriver manager ======
12/21/21 00:39:INFO Current google-chrome version is 96.0.4664
12/21/21 00:39:INFO Get LATEST chromedriver version for 96.0.4664 google-chrome
12/21/21 00:39:INFO Driver [/home/vegi/.wdm/drivers/chromedriver/linux64/96.0.4664.45/chromedriver] found in cache
12/21/21 00:42:INFO 

12/21/21 00:42:INFO ====== WebDriver manager ======
12/21/21 00:42:INFO Current google-chrome version is 96.0.4664
12/21/21 00:42:INFO Get LATEST chromedriver version for 96.0.4664 google-chrome
12/21/21 00:42:INFO Driver [/home/vegi/.wdm/drivers/chromedriver/linux64/96.0.4664.45/chromedriver] found in cache
12/21/21 00:43:INFO 

12/21/21 00:43:INFO ====== WebDriver manager ======
12/21/21 00:43:INFO Current google-chrome version is 96.0.4664
12/21/21 00:43:INFO Get LATEST chromedriver version for 96.0.4664 google-chrome
12/21/21 00:43:INFO Driver [/home/vegi/.wdm/drivers/chromedriver/linux64/96.0.4664.45/chromedriver] found in cache
12/21/21 00:44:INFO 

12/21/21 00:44:INFO ====== WebDriver manager ======
12/21/21 00:44:INFO Current google-chrome version is 96.0.4664
12/21/21 00:44:INFO Get LATEST chromedriver version for 96.0.4664 google-chrome
12/21/21 00:44:INFO Driver [/home/vegi/.wdm/drivers/chromedriver/linux64/96.0.4664.45/chromedriver] found in cache
12/21/21 00:46:INFO 

12/21/21 00:46:INFO ====== WebDriver manager ======
12/21/21 00:46:INFO Current google-chrome version is 96.0.4664
12/21/21 00:46:INFO Get LATEST chromedriver version for 96.0.4664 google-chrome
12/21/21 00:46:INFO Driver [/home/vegi/.wdm/drivers/chromedriver/linux64/96.0.4664.45/chromedriver] found in cache
12/21/21 00:47:INFO 

12/21/21 00:47:INFO ====== WebDriver manager ======
12/21/21 00:47:INFO Current google-chrome version is 96.0.4664
12/21/21 00:47:INFO Get LATEST chromedriver version for 96.0.4664 google-chrome
12/21/21 00:47:INFO Driver [/home/vegi/.wdm/drivers/chromedriver/linux64/96.0.4664.45/chromedriver] found in cache
